<?xml version="1.0" encoding="UTF-8"?>
<!-- Generated by org.testng.reporters.JUnitReportReporter -->
<testsuite skipped="0" hostname="LAPTOP-0356DV5C" name="com.webtest.testCases.LoginTest" tests="5" failures="0" timestamp="2022-05-02T20:51:29 CST" time="40.719" errors="0">
  <testcase name="test_login" time="13.029" classname="com.webtest.testCases.LoginTest"/>
  <system-out/>
  <testcase name="test_warehourse_search" time="8.246" classname="com.webtest.testCases.LoginTest"/>
  <system-out/>
  <testcase name="test_warehourse_add" time="7.180" classname="com.webtest.testCases.LoginTest"/>
  <system-out/>
  <testcase name="test_warehourse_update" time="8.163" classname="com.webtest.testCases.LoginTest"/>
  <system-out/>
  <testcase name="test_delete_success" time="4.101" classname="com.webtest.testCases.LoginTest"/>
  <system-out/>
</testsuite> <!-- com.webtest.testCases.LoginTest -->
