<?xml version="1.0" encoding="UTF-8"?>
<!-- Generated by org.testng.reporters.JUnitReportReporter -->
<testsuite skipped="0" hostname="LAPTOP-0356DV5C" name="com.webtest.testCases.LoginTest" tests="5" failures="0" timestamp="02 五月 2022 13:47:14 GMT" time="41.468" errors="0">
  <testcase name="test_login" time="13.499" classname="com.webtest.testCases.LoginTest"/>
  <testcase name="test_warehourse_search" time="8.528" classname="com.webtest.testCases.LoginTest"/>
  <testcase name="test_warehourse_add" time="7.151" classname="com.webtest.testCases.LoginTest"/>
  <testcase name="test_warehourse_update" time="8.150" classname="com.webtest.testCases.LoginTest"/>
  <testcase name="test_delete_success" time="4.140" classname="com.webtest.testCases.LoginTest"/>
</testsuite> <!-- com.webtest.testCases.LoginTest -->
